<?xml version="1.0" encoding="UTF-8"?>
<coverage generated="1562031518049" clover="3.2.0">
  <project timestamp="1562031518049" name="All files">
    <metrics statements="12" coveredstatements="9" conditionals="0" coveredconditionals="0" methods="3" coveredmethods="0" elements="15" coveredelements="9" complexity="0" loc="12" ncloc="12" packages="1" files="2" classes="2"/>
    <file name="hub.js" path="/Users/floydorr/sites/DeltaV/401/labs/30-Socket.io-Project/logger/hub.js">
      <metrics statements="3" coveredstatements="3" conditionals="0" coveredconditionals="0" methods="0" coveredmethods="0"/>
      <line num="3" count="1" type="stmt"/>
      <line num="5" count="1" type="stmt"/>
      <line num="7" count="1" type="stmt"/>
    </file>
    <file name="logger.js" path="/Users/floydorr/sites/DeltaV/401/labs/30-Socket.io-Project/logger/logger.js">
      <metrics statements="9" coveredstatements="6" conditionals="0" coveredconditionals="0" methods="3" coveredmethods="0"/>
      <line num="1" count="1" type="stmt"/>
      <line num="4" count="1" type="stmt"/>
      <line num="5" count="1" type="stmt"/>
      <line num="7" count="1" type="stmt"/>
      <line num="8" count="0" type="stmt"/>
      <line num="10" count="1" type="stmt"/>
      <line num="11" count="0" type="stmt"/>
      <line num="13" count="1" type="stmt"/>
      <line num="14" count="0" type="stmt"/>
    </file>
  </project>
</coverage>
